<?xml version="1.0" encoding="UTF-8"?>
<!-- Generated by org.testng.reporters.JUnitReportReporter -->
<testsuite hostname="LAPTOP-GJQ6NJB6" failures="0" tests="4" name="api.test.UserTests2" time="17.980" errors="0" timestamp="2023-06-26T06:20:14 IST" skipped="0">
  <testcase classname="api.test.UserTests2" name="testPostUser" time="7.051"/>
  <system-out/>
  <testcase classname="api.test.UserTests2" name="testGetUserByName" time="3.165"/>
  <system-out/>
  <testcase classname="api.test.UserTests2" name="testUpdateUserByName" time="4.696"/>
  <system-out/>
  <testcase classname="api.test.UserTests2" name="testDeleteuserByName" time="3.068"/>
  <system-out/>
</testsuite> <!-- api.test.UserTests2 -->
