<?xml version="1.0" encoding="UTF-8"?>
<!-- Generated by org.testng.reporters.JUnitReportReporter -->
<testsuite hostname="LAPTOP-GJQ6NJB6" failures="0" tests="4" name="api.test.UserTests" time="16.804" errors="0" timestamp="2023-06-25T06:26:19 IST" skipped="0">
  <testcase classname="api.test.UserTests" name="testPostUser" time="5.337"/>
  <system-out/>
  <testcase classname="api.test.UserTests" name="testGetUserByName" time="3.292"/>
  <system-out/>
  <testcase classname="api.test.UserTests" name="testUpdateUserByName" time="5.587"/>
  <system-out/>
  <testcase classname="api.test.UserTests" name="testDeleteuserByName" time="2.588"/>
  <system-out/>
</testsuite> <!-- api.test.UserTests -->
