<?xml version="1.0" encoding="UTF-8"?>
<!-- Generated by org.testng.reporters.JUnitReportReporter -->
<testsuite hostname="LAPTOP-GJQ6NJB6" failures="0" tests="4" name="api.test.UserTests2" time="18.219" errors="0" timestamp="2023-06-29T16:02:35 IST" skipped="0">
  <testcase classname="api.test.UserTests2" name="testPostUser" time="6.175"/>
  <system-out/>
  <testcase classname="api.test.UserTests2" name="testGetUserByName" time="3.867"/>
  <system-out/>
  <testcase classname="api.test.UserTests2" name="testUpdateUserByName" time="5.931"/>
  <system-out/>
  <testcase classname="api.test.UserTests2" name="testDeleteuserByName" time="2.246"/>
  <system-out/>
</testsuite> <!-- api.test.UserTests2 -->
