<?xml version="1.0" encoding="UTF-8"?>
<!-- Generated by org.testng.reporters.JUnitReportReporter -->
<testsuite hostname="LAPTOP-GJQ6NJB6" failures="0" tests="4" name="api.test.UserTests2" time="31.862" errors="0" timestamp="2023-06-28T13:40:01 IST" skipped="0">
  <testcase classname="api.test.UserTests2" name="testPostUser" time="4.956"/>
  <system-out/>
  <testcase classname="api.test.UserTests2" name="testGetUserByName" time="4.966"/>
  <system-out/>
  <testcase classname="api.test.UserTests2" name="testUpdateUserByName" time="8.974"/>
  <system-out/>
  <testcase classname="api.test.UserTests2" name="testDeleteuserByName" time="12.966"/>
  <system-out/>
</testsuite> <!-- api.test.UserTests2 -->
