<?xml version="1.0" encoding="UTF-8"?>
<!-- Generated by org.testng.reporters.JUnitReportReporter -->
<testsuite hostname="LAPTOP-GJQ6NJB6" failures="0" tests="4" name="api.test.UserTests2" time="17.504" errors="0" timestamp="2023-06-27T11:26:51 IST" skipped="0">
  <testcase classname="api.test.UserTests2" name="testPostUser" time="5.954"/>
  <system-out/>
  <testcase classname="api.test.UserTests2" name="testGetUserByName" time="2.957"/>
  <system-out/>
  <testcase classname="api.test.UserTests2" name="testUpdateUserByName" time="5.929"/>
  <system-out/>
  <testcase classname="api.test.UserTests2" name="testDeleteuserByName" time="2.664"/>
  <system-out/>
</testsuite> <!-- api.test.UserTests2 -->
