<?xml version="1.0" encoding="UTF-8"?>
<!-- Generated by org.testng.reporters.JUnitReportReporter -->
<testsuite hostname="LAPTOP-GJQ6NJB6" failures="0" tests="4" name="api.test.UserTests2" time="17.207" errors="0" timestamp="2023-06-29T10:19:25 IST" skipped="0">
  <testcase classname="api.test.UserTests2" name="testPostUser" time="5.128"/>
  <system-out/>
  <testcase classname="api.test.UserTests2" name="testGetUserByName" time="3.889"/>
  <system-out/>
  <testcase classname="api.test.UserTests2" name="testUpdateUserByName" time="6.338"/>
  <system-out/>
  <testcase classname="api.test.UserTests2" name="testDeleteuserByName" time="1.852"/>
  <system-out/>
</testsuite> <!-- api.test.UserTests2 -->
